<?xml version="1.0" encoding="UTF-8"?>
<!-- Generated by org.testng.reporters.JUnitXMLReporter -->
<testsuite ignored="0" hostname="LAPTOP-DOBLN3AU" failures="0" tests="4" name="wikipage1" time="31.309" errors="0" timestamp="2021-10-13T12:03:46 IST">
  <testcase classname="testNGScripts.ParameterXML" name="EnterInputTest" time="5.577"/>
  <testcase classname="testNGScripts.ParameterXML" name="SearchPageTest" time="6.181"/>
  <testcase classname="testNGScripts.ParameterXML" name="MainPageTest" time="1.043"/>
  <testcase classname="testNGScripts.ParameterXML" name="LoginTest" time="3.961"/>
</testsuite> <!-- wikipage1 -->
