<?xml version="1.0" encoding="UTF-8"?>
<!-- Generated by org.testng.reporters.JUnitXMLReporter -->
<testsuite ignored="0" hostname="LAPTOP-DOBLN3AU" failures="0" tests="3" name="wikipage1" time="9.617" errors="0" timestamp="2021-10-14T17:22:53 IST">
  <testcase classname="testNGScripts.ParameterXML" name="EnterInputTest" time="4.567"/>
  <testcase classname="testNGScripts.ParameterXML" name="SearchPageTest" time="0.999"/>
  <testcase classname="testNGScripts.ParameterXML" name="MainPageTest" time="0.977"/>
</testsuite> <!-- wikipage1 -->
