<?xml version="1.0" encoding="UTF-8"?>
<!-- Generated by org.testng.reporters.JUnitXMLReporter -->
<testsuite ignored="0" hostname="LAPTOP-DOBLN3AU" failures="0" tests="4" name="wikipage2" time="16.354" errors="0" timestamp="2021-10-13T12:03:31 IST">
  <testcase classname="testNGScripts.ParameterXML" name="EnterInputTest" time="4.687"/>
  <testcase classname="testNGScripts.ParameterXML" name="SearchPageTest" time="0.972"/>
  <testcase classname="testNGScripts.ParameterXML" name="MainPageTest" time="0.895"/>
  <testcase classname="testNGScripts.ParameterXML" name="LoginTest" time="3.271"/>
</testsuite> <!-- wikipage2 -->
