<?xml version="1.0" encoding="UTF-8"?>
<!-- Generated by org.testng.reporters.JUnitXMLReporter -->
<testsuite ignored="2" hostname="LAPTOP-DOBLN3AU" failures="0" tests="5" name="MailBoxTest" time="0.067" errors="0" timestamp="2021-10-13T10:35:05 IST">
  <testcase classname="testNGScripts.TestGroupsDemo" name="ComposeEmail" time="0.007"/>
  <testcase classname="testNGScripts.TestGroupsDemo" name="SubjectEmail" time="0.001"/>
  <testcase classname="testNGScripts.TestGroupsDemo" name="SendButtonEmail" time="0.001"/>
  <testcase classname="testNGScripts.TestGroupsDemo" name="searchEmailAgain" time="0.001"/>
  <testcase classname="testNGScripts.TestGroupsDemo" name="trashEmail" time="0.002"/>
  <testcase classname="testNGScripts.TestGroupsDemo" name="searchEmail" time="0.0">
    <ignored/>
  </testcase> <!-- searchEmail -->
  <testcase classname="testNGScripts.TestGroupsDemo" name="ModifyEmail" time="0.0">
    <ignored/>
  </testcase> <!-- ModifyEmail -->
</testsuite> <!-- MailBoxTest -->
