<?xml version="1.0" encoding="UTF-8"?>
<!-- Generated by org.testng.reporters.JUnitXMLReporter -->
<testsuite ignored="0" hostname="LAPTOP-DOBLN3AU" failures="0" tests="6" name="wikipage1" time="14.5" errors="0" timestamp="2021-10-13T10:20:24 IST">
  <testcase classname="scriptsWikiPage.Annotation3" name="testcase1" time="0.004"/>
  <testcase classname="scriptsWikiPage.Annotation3" name="Testcase2" time="0.001"/>
  <testcase classname="scriptsWikiPage.WikiPageAnnotations" name="EnterInputTest" time="4.859"/>
  <testcase classname="scriptsWikiPage.WikiPageAnnotations" name="SearchPageTest" time="0.857"/>
  <testcase classname="scriptsWikiPage.WikiPageAnnotations" name="MainPageTest" time="1.024"/>
  <testcase classname="scriptsWikiPage.WikiPageAnnotations" name="LoginTest" time="0.161"/>
</testsuite> <!-- wikipage1 -->
