<?xml version="1.0" encoding="UTF-8"?>
<!-- Generated by org.testng.reporters.JUnitXMLReporter -->
<testsuite ignored="0" hostname="LAPTOP-DOBLN3AU" failures="0" tests="7" name="Default test" time="0.078" errors="0" timestamp="2021-10-13T10:30:25 IST">
  <testcase classname="testNGScripts.TestGroupsDemo" name="ComposeEmail" time="0.007"/>
  <testcase classname="testNGScripts.TestGroupsDemo" name="SubjectEmail" time="0.003"/>
  <testcase classname="testNGScripts.TestGroupsDemo" name="SendButtonEmail" time="0.001"/>
  <testcase classname="testNGScripts.TestGroupsDemo" name="searchEmail" time="0.003"/>
  <testcase classname="testNGScripts.TestGroupsDemo" name="ModifyEmail" time="0.002"/>
  <testcase classname="testNGScripts.TestGroupsDemo" name="searchEmailAgain" time="0.001"/>
  <testcase classname="testNGScripts.TestGroupsDemo" name="trashEmail" time="0.001"/>
</testsuite> <!-- Default test -->
