<?xml version="1.0" encoding="UTF-8"?>
<!-- Generated by org.testng.reporters.JUnitXMLReporter -->
<testsuite ignored="0" hostname="LAPTOP-DOBLN3AU" failures="1" tests="1" name="Listernerdemo1" time="1.08" errors="0" timestamp="2021-10-19T10:48:08 IST">
  <testcase classname="listenersDemo.ListenerDemoTest" name="OpenPage" time="0.856">
    <failure type="java.lang.AssertionError" message="expected [true] but found [false]">
      <![CDATA[java.lang.AssertionError: expected [true] but found [false]
at listenersDemo.ListenerDemoTest.OpenPage(ListenerDemoTest.java:12)
at java.base/java.util.ArrayList.forEach(ArrayList.java:1540)
... Removed 31 stack frames]]>
    </failure>
  </testcase> <!-- OpenPage -->
</testsuite> <!-- Listernerdemo1 -->
