<?xml version="1.0" encoding="UTF-8"?>
<!-- Generated by org.testng.reporters.JUnitXMLReporter -->
<testsuite ignored="0" hostname="LAPTOP-DOBLN3AU" failures="1" tests="3" name="TestTwo" time="0.006" errors="0" timestamp="2021-10-18T11:39:04 IST">
  <testcase classname="exportToExcelTestNG.TestTwo" name="testMethodFail" time="0.001">
    <failure type="java.lang.AssertionError" message="expected [true] but found [false]">
      <![CDATA[java.lang.AssertionError: expected [true] but found [false]
at exportToExcelTestNG.TestTwo.testMethodFail(TestTwo.java:18)
at java.base/java.util.ArrayList.forEach(ArrayList.java:1540)
... Removed 31 stack frames]]>
    </failure>
  </testcase> <!-- testMethodFail -->
  <testcase classname="exportToExcelTestNG.TestTwo" name="testMethodPass" time="0.0"/>
  <testcase classname="exportToExcelTestNG.TestTwo" name="testMethodSkip" time="0.002">
    <skipped/>
  </testcase> <!-- testMethodSkip -->
</testsuite> <!-- TestTwo -->
