<?xml version="1.0" encoding="UTF-8"?>
<!-- Generated by org.testng.reporters.JUnitXMLReporter -->
<testsuite ignored="0" hostname="LAPTOP-DOBLN3AU" failures="1" tests="3" name="TestOne" time="0.048" errors="0" timestamp="2021-10-18T11:39:04 IST">
  <testcase classname="exportToExcelTestNG.TestOne" name="testMethodFail" time="0.01">
    <failure type="java.lang.AssertionError" message="expected [true] but found [false]">
      <![CDATA[java.lang.AssertionError: expected [true] but found [false]
at exportToExcelTestNG.TestOne.testMethodFail(TestOne.java:19)
at java.base/java.util.ArrayList.forEach(ArrayList.java:1540)
... Removed 31 stack frames]]>
    </failure>
  </testcase> <!-- testMethodFail -->
  <testcase classname="exportToExcelTestNG.TestOne" name="testMethodPass" time="0.002"/>
  <testcase classname="exportToExcelTestNG.TestOne" name="testMethodSkip" time="0.001">
    <skipped/>
  </testcase> <!-- testMethodSkip -->
</testsuite> <!-- TestOne -->
