<?xml version="1.0" encoding="UTF-8"?>
<testsuite xmlns:xsi="http://www.w3.org/2001/XMLSchema-instance" xsi:noNamespaceSchemaLocation="https://maven.apache.org/surefire/maven-surefire-plugin/xsd/surefire-test-report.xsd" name="TestSuite" time="41.662" tests="12" errors="0" skipped="0" failures="3">
  <properties>
[...]
</properties>
  <testcase name="EnterInputTest" classname="testNGScripts.ParameterXML" time="4.833"/>
  <testcase name="EnterInputTest" classname="testNGScripts.ParameterXML" time="4.201"/>
  <testcase name="EnterInputTest" classname="testNGScripts.ParameterXML" time="4.569"/>
  <testcase name="SearchPageTest" classname="testNGScripts.ParameterXML" time="0.553"/>
  <testcase name="SearchPageTest" classname="testNGScripts.ParameterXML" time="1.04"/>
  <testcase name="SearchPageTest" classname="testNGScripts.ParameterXML" time="0.615"/>
  <testcase name="MainPageTest" classname="testNGScripts.ParameterXML" time="1.121"/>
  <testcase name="MainPageTest" classname="testNGScripts.ParameterXML" time="0.914"/>
  <testcase name="MainPageTest" classname="testNGScripts.ParameterXML" time="0.808"/>
  <testcase name="LoginTest" classname="testNGScripts.ParameterXML" time="1.14">
    <failure message="&#10;Parameter &apos;username&apos; is required by @Test on method LoginTest but has not been marked @Optional or defined&#10;in C:\Users\sonal\eclipse-workspace\08OctMavenSeleniumProject\src\main\resources\TestRunner3.xml" type="org.testng.TestNGException">org.testng.TestNGException: 

Parameter 'username' is required by @Test on method LoginTest but has not been marked @Optional or defined
in C:\Users\sonal\eclipse-workspace\08OctMavenSeleniumProject\src\main\resources\TestRunner3.xml
</failure>
    <system-err><![CDATA[[Utils] [ERROR] [Error] org.testng.TestNGException: 
Parameter &apos;username&apos; is required by @Test on method LoginTest but has not been marked @Optional or defined
in C:\Users\sonal\eclipse-workspace\08OctMavenSeleniumProject\src\main\resources\TestRunner3.xml
	at org.testng.internal.Parameters.createParams(Parameters.java:290)
	at org.testng.internal.Parameters.createParametersForMethod(Parameters.java:359)
	at org.testng.internal.Parameters.createParameters(Parameters.java:620)
	at org.testng.internal.Parameters.handleParameters(Parameters.java:769)
	at org.testng.internal.ParameterHandler.handleParameters(ParameterHandler.java:49)
	at org.testng.internal.ParameterHandler.createParameters(ParameterHandler.java:37)
	at org.testng.internal.Invoker.invokeTestMethods(Invoker.java:924)
	at org.testng.internal.TestMethodWorker.invokeTestMethods(TestMethodWorker.java:125)
	at org.testng.internal.TestMethodWorker.run(TestMethodWorker.java:109)
	at org.testng.TestRunner.privateRun(TestRunner.java:648)
	at org.testng.TestRunner.run(TestRunner.java:505)
	at org.testng.SuiteRunner.runTest(SuiteRunner.java:455)
	at org.testng.SuiteRunner.runSequentially(SuiteRunner.java:450)
	at org.testng.SuiteRunner.privateRun(SuiteRunner.java:415)
	at org.testng.SuiteRunner.run(SuiteRunner.java:364)
	at org.testng.SuiteRunnerWorker.runSuite(SuiteRunnerWorker.java:52)
	at org.testng.SuiteRunnerWorker.run(SuiteRunnerWorker.java:84)
	at org.testng.TestNG.runSuitesSequentially(TestNG.java:1208)
	at org.testng.TestNG.runSuitesLocally(TestNG.java:1137)
	at org.testng.TestNG.runSuites(TestNG.java:1049)
	at org.testng.TestNG.run(TestNG.java:1017)
	at org.apache.maven.surefire.testng.TestNGExecutor.run(TestNGExecutor.java:283)
	at org.apache.maven.surefire.testng.TestNGXmlTestSuite.execute(TestNGXmlTestSuite.java:75)
	at org.apache.maven.surefire.testng.TestNGProvider.invoke(TestNGProvider.java:120)
	at org.apache.maven.surefire.booter.ForkedBooter.invokeProviderInSameClassLoader(ForkedBooter.java:379)
	at org.apache.maven.surefire.booter.ForkedBooter.runSuitesInProcess(ForkedBooter.java:340)
	at org.apache.maven.surefire.booter.ForkedBooter.execute(ForkedBooter.java:125)
	at org.apache.maven.surefire.booter.ForkedBooter.main(ForkedBooter.java:413)

]]></system-err>
  </testcase>
  <testcase name="LoginTest" classname="testNGScripts.ParameterXML" time="0.925">
    <failure message="&#10;Parameter &apos;username&apos; is required by @Test on method LoginTest but has not been marked @Optional or defined&#10;in C:\Users\sonal\eclipse-workspace\08OctMavenSeleniumProject\src\main\resources\TestRunner3.xml" type="org.testng.TestNGException">org.testng.TestNGException: 

Parameter 'username' is required by @Test on method LoginTest but has not been marked @Optional or defined
in C:\Users\sonal\eclipse-workspace\08OctMavenSeleniumProject\src\main\resources\TestRunner3.xml
</failure>
    <system-err><![CDATA[[Utils] [ERROR] [Error] org.testng.TestNGException: 
Parameter &apos;username&apos; is required by @Test on method LoginTest but has not been marked @Optional or defined
in C:\Users\sonal\eclipse-workspace\08OctMavenSeleniumProject\src\main\resources\TestRunner3.xml
	at org.testng.internal.Parameters.createParams(Parameters.java:290)
	at org.testng.internal.Parameters.createParametersForMethod(Parameters.java:359)
	at org.testng.internal.Parameters.createParameters(Parameters.java:620)
	at org.testng.internal.Parameters.handleParameters(Parameters.java:769)
	at org.testng.internal.ParameterHandler.handleParameters(ParameterHandler.java:49)
	at org.testng.internal.ParameterHandler.createParameters(ParameterHandler.java:37)
	at org.testng.internal.Invoker.invokeTestMethods(Invoker.java:924)
	at org.testng.internal.TestMethodWorker.invokeTestMethods(TestMethodWorker.java:125)
	at org.testng.internal.TestMethodWorker.run(TestMethodWorker.java:109)
	at org.testng.TestRunner.privateRun(TestRunner.java:648)
	at org.testng.TestRunner.run(TestRunner.java:505)
	at org.testng.SuiteRunner.runTest(SuiteRunner.java:455)
	at org.testng.SuiteRunner.runSequentially(SuiteRunner.java:450)
	at org.testng.SuiteRunner.privateRun(SuiteRunner.java:415)
	at org.testng.SuiteRunner.run(SuiteRunner.java:364)
	at org.testng.SuiteRunnerWorker.runSuite(SuiteRunnerWorker.java:52)
	at org.testng.SuiteRunnerWorker.run(SuiteRunnerWorker.java:84)
	at org.testng.TestNG.runSuitesSequentially(TestNG.java:1208)
	at org.testng.TestNG.runSuitesLocally(TestNG.java:1137)
	at org.testng.TestNG.runSuites(TestNG.java:1049)
	at org.testng.TestNG.run(TestNG.java:1017)
	at org.apache.maven.surefire.testng.TestNGExecutor.run(TestNGExecutor.java:283)
	at org.apache.maven.surefire.testng.TestNGXmlTestSuite.execute(TestNGXmlTestSuite.java:75)
	at org.apache.maven.surefire.testng.TestNGProvider.invoke(TestNGProvider.java:120)
	at org.apache.maven.surefire.booter.ForkedBooter.invokeProviderInSameClassLoader(ForkedBooter.java:379)
	at org.apache.maven.surefire.booter.ForkedBooter.runSuitesInProcess(ForkedBooter.java:340)
	at org.apache.maven.surefire.booter.ForkedBooter.execute(ForkedBooter.java:125)
	at org.apache.maven.surefire.booter.ForkedBooter.main(ForkedBooter.java:413)

]]></system-err>
  </testcase>
  <testcase name="LoginTest" classname="testNGScripts.ParameterXML" time="0.816">
    <failure message="&#10;Parameter &apos;username&apos; is required by @Test on method LoginTest but has not been marked @Optional or defined&#10;in C:\Users\sonal\eclipse-workspace\08OctMavenSeleniumProject\src\main\resources\TestRunner3.xml" type="org.testng.TestNGException">org.testng.TestNGException: 

Parameter 'username' is required by @Test on method LoginTest but has not been marked @Optional or defined
in C:\Users\sonal\eclipse-workspace\08OctMavenSeleniumProject\src\main\resources\TestRunner3.xml
</failure>
    <system-err><![CDATA[[Utils] [ERROR] [Error] org.testng.TestNGException: 
Parameter &apos;username&apos; is required by @Test on method LoginTest but has not been marked @Optional or defined
in C:\Users\sonal\eclipse-workspace\08OctMavenSeleniumProject\src\main\resources\TestRunner3.xml
	at org.testng.internal.Parameters.createParams(Parameters.java:290)
	at org.testng.internal.Parameters.createParametersForMethod(Parameters.java:359)
	at org.testng.internal.Parameters.createParameters(Parameters.java:620)
	at org.testng.internal.Parameters.handleParameters(Parameters.java:769)
	at org.testng.internal.ParameterHandler.handleParameters(ParameterHandler.java:49)
	at org.testng.internal.ParameterHandler.createParameters(ParameterHandler.java:37)
	at org.testng.internal.Invoker.invokeTestMethods(Invoker.java:924)
	at org.testng.internal.TestMethodWorker.invokeTestMethods(TestMethodWorker.java:125)
	at org.testng.internal.TestMethodWorker.run(TestMethodWorker.java:109)
	at org.testng.TestRunner.privateRun(TestRunner.java:648)
	at org.testng.TestRunner.run(TestRunner.java:505)
	at org.testng.SuiteRunner.runTest(SuiteRunner.java:455)
	at org.testng.SuiteRunner.runSequentially(SuiteRunner.java:450)
	at org.testng.SuiteRunner.privateRun(SuiteRunner.java:415)
	at org.testng.SuiteRunner.run(SuiteRunner.java:364)
	at org.testng.SuiteRunnerWorker.runSuite(SuiteRunnerWorker.java:52)
	at org.testng.SuiteRunnerWorker.run(SuiteRunnerWorker.java:84)
	at org.testng.TestNG.runSuitesSequentially(TestNG.java:1208)
	at org.testng.TestNG.runSuitesLocally(TestNG.java:1137)
	at org.testng.TestNG.runSuites(TestNG.java:1049)
	at org.testng.TestNG.run(TestNG.java:1017)
	at org.apache.maven.surefire.testng.TestNGExecutor.run(TestNGExecutor.java:283)
	at org.apache.maven.surefire.testng.TestNGXmlTestSuite.execute(TestNGXmlTestSuite.java:75)
	at org.apache.maven.surefire.testng.TestNGProvider.invoke(TestNGProvider.java:120)
	at org.apache.maven.surefire.booter.ForkedBooter.invokeProviderInSameClassLoader(ForkedBooter.java:379)
	at org.apache.maven.surefire.booter.ForkedBooter.runSuitesInProcess(ForkedBooter.java:340)
	at org.apache.maven.surefire.booter.ForkedBooter.execute(ForkedBooter.java:125)
	at org.apache.maven.surefire.booter.ForkedBooter.main(ForkedBooter.java:413)

]]></system-err>
  </testcase>
</testsuite>