<?xml version="1.0" encoding="UTF-8"?>
<testng-results ignored="0" total="9" passed="8" failed="1" skipped="0">
  <reporter-output>
  </reporter-output>
  <suite started-at="2021-10-21T11:33:56Z" name="myparametertest" finished-at="2021-10-21T11:34:24Z" duration-ms="28312">
    <groups>
    </groups>
    <test started-at="2021-10-21T11:33:56Z" name="wikipage1" finished-at="2021-10-21T11:34:07Z" duration-ms="10386">
      <class name="testNGScripts.ParameterXML">
        <test-method is-config="true" signature="setBrowser()[pri:0, instance:testNGScripts.ParameterXML@5c86dbc5]" started-at="2021-10-21T11:33:56Z" name="setBrowser" finished-at="2021-10-21T11:34:00Z" duration-ms="3790" status="PASS">
          <reporter-output>
          </reporter-output>
        </test-method> <!-- setBrowser -->
        <test-method signature="EnterInputTest(java.lang.String)[pri:49, instance:testNGScripts.ParameterXML@5c86dbc5]" started-at="2021-10-21T11:34:00Z" name="EnterInputTest" finished-at="2021-10-21T11:34:05Z" duration-ms="4609" status="PASS">
          <params>
            <param index="0">
              <value>
                <![CDATA[Selenium Automation]]>
              </value>
            </param>
          </params>
          <reporter-output>
          </reporter-output>
        </test-method> <!-- EnterInputTest -->
        <test-method signature="SearchPageTest()[pri:50, instance:testNGScripts.ParameterXML@5c86dbc5]" started-at="2021-10-21T11:34:05Z" name="SearchPageTest" finished-at="2021-10-21T11:34:06Z" duration-ms="896" status="PASS">
          <reporter-output>
          </reporter-output>
        </test-method> <!-- SearchPageTest -->
        <test-method signature="MainPageTest()[pri:51, instance:testNGScripts.ParameterXML@5c86dbc5]" started-at="2021-10-21T11:34:06Z" name="MainPageTest" finished-at="2021-10-21T11:34:06Z" duration-ms="912" status="PASS">
          <reporter-output>
          </reporter-output>
        </test-method> <!-- MainPageTest -->
        <test-method is-config="true" signature="closeBrowser()[pri:0, instance:testNGScripts.ParameterXML@5c86dbc5]" started-at="2021-10-21T11:34:06Z" name="closeBrowser" finished-at="2021-10-21T11:34:07Z" duration-ms="153" status="PASS">
          <reporter-output>
          </reporter-output>
        </test-method> <!-- closeBrowser -->
      </class> <!-- testNGScripts.ParameterXML -->
    </test> <!-- wikipage1 -->
    <test started-at="2021-10-21T11:34:07Z" name="wikipage2" finished-at="2021-10-21T11:34:16Z" duration-ms="9353">
      <class name="testNGScripts.ParameterXML">
        <test-method is-config="true" signature="setBrowser()[pri:0, instance:testNGScripts.ParameterXML@7ac296f6]" started-at="2021-10-21T11:34:07Z" name="setBrowser" finished-at="2021-10-21T11:34:10Z" duration-ms="3114" status="PASS">
          <reporter-output>
          </reporter-output>
        </test-method> <!-- setBrowser -->
        <test-method signature="EnterInputTest(java.lang.String)[pri:49, instance:testNGScripts.ParameterXML@7ac296f6]" started-at="2021-10-21T11:34:10Z" name="EnterInputTest" finished-at="2021-10-21T11:34:14Z" duration-ms="4547" status="PASS">
          <params>
            <param index="0">
              <value>
                <![CDATA[Junit Automation]]>
              </value>
            </param>
          </params>
          <reporter-output>
          </reporter-output>
        </test-method> <!-- EnterInputTest -->
        <test-method signature="SearchPageTest()[pri:50, instance:testNGScripts.ParameterXML@7ac296f6]" started-at="2021-10-21T11:34:14Z" name="SearchPageTest" finished-at="2021-10-21T11:34:15Z" duration-ms="705" status="PASS">
          <reporter-output>
          </reporter-output>
        </test-method> <!-- SearchPageTest -->
        <test-method signature="MainPageTest()[pri:51, instance:testNGScripts.ParameterXML@7ac296f6]" started-at="2021-10-21T11:34:15Z" name="MainPageTest" finished-at="2021-10-21T11:34:16Z" duration-ms="866" status="PASS">
          <reporter-output>
          </reporter-output>
        </test-method> <!-- MainPageTest -->
        <test-method is-config="true" signature="closeBrowser()[pri:0, instance:testNGScripts.ParameterXML@7ac296f6]" started-at="2021-10-21T11:34:16Z" name="closeBrowser" finished-at="2021-10-21T11:34:16Z" duration-ms="120" status="PASS">
          <reporter-output>
          </reporter-output>
        </test-method> <!-- closeBrowser -->
      </class> <!-- testNGScripts.ParameterXML -->
    </test> <!-- wikipage2 -->
    <test started-at="2021-10-21T11:34:16Z" name="wikipage3" finished-at="2021-10-21T11:34:24Z" duration-ms="8500">
      <class name="testNGScripts.ParameterXML">
        <test-method is-config="true" signature="setBrowser()[pri:0, instance:testNGScripts.ParameterXML@2c78324b]" started-at="2021-10-21T11:34:16Z" name="setBrowser" finished-at="2021-10-21T11:34:19Z" duration-ms="3139" status="PASS">
          <reporter-output>
          </reporter-output>
        </test-method> <!-- setBrowser -->
        <test-method signature="EnterInputTest(java.lang.String)[pri:49, instance:testNGScripts.ParameterXML@2c78324b]" started-at="2021-10-21T11:34:19Z" name="EnterInputTest" finished-at="2021-10-21T11:34:23Z" duration-ms="3486" status="FAIL">
          <params>
            <param index="0">
              <value>
                <![CDATA[Test Automation]]>
              </value>
            </param>
          </params>
          <exception class="org.openqa.selenium.TimeoutException">
            <message>
              <![CDATA[timeout: Timed out receiving message from renderer: 3.000
  (Session info: chrome=94.0.4606.81)
Build info: version: '3.141.59', revision: 'e82be7d358', time: '2018-11-14T08:17:03'
System info: host: 'LAPTOP-DOBLN3AU', ip: '192.168.1.14', os.name: 'Windows 10', os.arch: 'amd64', os.version: '10.0', java.version: '11.0.2'
Driver info: org.openqa.selenium.chrome.ChromeDriver
Capabilities {acceptInsecureCerts: false, browserName: chrome, browserVersion: 94.0.4606.81, chrome: {chromedriverVersion: 94.0.4606.61 (418b78f5838ed..., userDataDir: C:\Users\sonal\AppData\Loca...}, goog:chromeOptions: {debuggerAddress: localhost:50165}, javascriptEnabled: true, networkConnectionEnabled: false, pageLoadStrategy: normal, platform: WINDOWS, platformName: WINDOWS, proxy: Proxy(), setWindowRect: true, strictFileInteractability: false, timeouts: {implicit: 0, pageLoad: 300000, script: 30000}, unhandledPromptBehavior: dismiss and notify, webauthn:extension:credBlob: true, webauthn:extension:largeBlob: true, webauthn:virtualAuthenticators: true}
Session ID: c5c19e194b933a503aec3b39f4ce7e05]]>
            </message>
            <full-stacktrace>
              <![CDATA[org.openqa.selenium.TimeoutException: timeout: Timed out receiving message from renderer: 3.000
  (Session info: chrome=94.0.4606.81)
Build info: version: '3.141.59', revision: 'e82be7d358', time: '2018-11-14T08:17:03'
System info: host: 'LAPTOP-DOBLN3AU', ip: '192.168.1.14', os.name: 'Windows 10', os.arch: 'amd64', os.version: '10.0', java.version: '11.0.2'
Driver info: org.openqa.selenium.chrome.ChromeDriver
Capabilities {acceptInsecureCerts: false, browserName: chrome, browserVersion: 94.0.4606.81, chrome: {chromedriverVersion: 94.0.4606.61 (418b78f5838ed..., userDataDir: C:\Users\sonal\AppData\Loca...}, goog:chromeOptions: {debuggerAddress: localhost:50165}, javascriptEnabled: true, networkConnectionEnabled: false, pageLoadStrategy: normal, platform: WINDOWS, platformName: WINDOWS, proxy: Proxy(), setWindowRect: true, strictFileInteractability: false, timeouts: {implicit: 0, pageLoad: 300000, script: 30000}, unhandledPromptBehavior: dismiss and notify, webauthn:extension:credBlob: true, webauthn:extension:largeBlob: true, webauthn:virtualAuthenticators: true}
Session ID: c5c19e194b933a503aec3b39f4ce7e05
at java.base/jdk.internal.reflect.NativeConstructorAccessorImpl.newInstance0(Native Method)
at java.base/jdk.internal.reflect.NativeConstructorAccessorImpl.newInstance(NativeConstructorAccessorImpl.java:62)
at java.base/jdk.internal.reflect.DelegatingConstructorAccessorImpl.newInstance(DelegatingConstructorAccessorImpl.java:45)
at java.base/java.lang.reflect.Constructor.newInstance(Constructor.java:490)
at org.openqa.selenium.remote.http.W3CHttpResponseCodec.createException(W3CHttpResponseCodec.java:187)
at org.openqa.selenium.remote.http.W3CHttpResponseCodec.decode(W3CHttpResponseCodec.java:122)
at org.openqa.selenium.remote.http.W3CHttpResponseCodec.decode(W3CHttpResponseCodec.java:49)
at org.openqa.selenium.remote.HttpCommandExecutor.execute(HttpCommandExecutor.java:158)
at org.openqa.selenium.remote.service.DriverCommandExecutor.execute(DriverCommandExecutor.java:83)
at org.openqa.selenium.remote.RemoteWebDriver.execute(RemoteWebDriver.java:552)
at org.openqa.selenium.remote.RemoteWebElement.execute(RemoteWebElement.java:285)
at org.openqa.selenium.remote.RemoteWebElement.click(RemoteWebElement.java:84)
at testNGScripts.ParameterXML.EnterInputTest(ParameterXML.java:35)
at java.base/jdk.internal.reflect.NativeMethodAccessorImpl.invoke0(Native Method)
at java.base/jdk.internal.reflect.NativeMethodAccessorImpl.invoke(NativeMethodAccessorImpl.java:62)
at java.base/jdk.internal.reflect.DelegatingMethodAccessorImpl.invoke(DelegatingMethodAccessorImpl.java:43)
at java.base/java.lang.reflect.Method.invoke(Method.java:566)
at org.testng.internal.MethodInvocationHelper.invokeMethod(MethodInvocationHelper.java:124)
at org.testng.internal.Invoker.invokeMethod(Invoker.java:583)
at org.testng.internal.Invoker.invokeTestMethod(Invoker.java:719)
at org.testng.internal.Invoker.invokeTestMethods(Invoker.java:989)
at org.testng.internal.TestMethodWorker.invokeTestMethods(TestMethodWorker.java:125)
at org.testng.internal.TestMethodWorker.run(TestMethodWorker.java:109)
at org.testng.TestRunner.privateRun(TestRunner.java:648)
at org.testng.TestRunner.run(TestRunner.java:505)
at org.testng.SuiteRunner.runTest(SuiteRunner.java:455)
at org.testng.SuiteRunner.runSequentially(SuiteRunner.java:450)
at org.testng.SuiteRunner.privateRun(SuiteRunner.java:415)
at org.testng.SuiteRunner.run(SuiteRunner.java:364)
at org.testng.SuiteRunnerWorker.runSuite(SuiteRunnerWorker.java:52)
at org.testng.SuiteRunnerWorker.run(SuiteRunnerWorker.java:84)
at org.testng.TestNG.runSuitesSequentially(TestNG.java:1208)
at org.testng.TestNG.runSuitesLocally(TestNG.java:1137)
at org.testng.TestNG.runSuites(TestNG.java:1049)
at org.testng.TestNG.run(TestNG.java:1017)
at org.apache.maven.surefire.testng.TestNGExecutor.run(TestNGExecutor.java:283)
at org.apache.maven.surefire.testng.TestNGXmlTestSuite.execute(TestNGXmlTestSuite.java:75)
at org.apache.maven.surefire.testng.TestNGProvider.invoke(TestNGProvider.java:120)
at org.apache.maven.surefire.booter.ForkedBooter.invokeProviderInSameClassLoader(ForkedBooter.java:379)
at org.apache.maven.surefire.booter.ForkedBooter.runSuitesInProcess(ForkedBooter.java:340)
at org.apache.maven.surefire.booter.ForkedBooter.execute(ForkedBooter.java:125)
at org.apache.maven.surefire.booter.ForkedBooter.main(ForkedBooter.java:413)
]]>
            </full-stacktrace>
          </exception> <!-- org.openqa.selenium.TimeoutException -->
          <reporter-output>
          </reporter-output>
        </test-method> <!-- EnterInputTest -->
        <test-method signature="SearchPageTest()[pri:50, instance:testNGScripts.ParameterXML@2c78324b]" started-at="2021-10-21T11:34:23Z" name="SearchPageTest" finished-at="2021-10-21T11:34:23Z" duration-ms="765" status="PASS">
          <reporter-output>
          </reporter-output>
        </test-method> <!-- SearchPageTest -->
        <test-method signature="MainPageTest()[pri:51, instance:testNGScripts.ParameterXML@2c78324b]" started-at="2021-10-21T11:34:23Z" name="MainPageTest" finished-at="2021-10-21T11:34:24Z" duration-ms="948" status="PASS">
          <reporter-output>
          </reporter-output>
        </test-method> <!-- MainPageTest -->
        <test-method is-config="true" signature="closeBrowser()[pri:0, instance:testNGScripts.ParameterXML@2c78324b]" started-at="2021-10-21T11:34:24Z" name="closeBrowser" finished-at="2021-10-21T11:34:24Z" duration-ms="151" status="PASS">
          <reporter-output>
          </reporter-output>
        </test-method> <!-- closeBrowser -->
      </class> <!-- testNGScripts.ParameterXML -->
    </test> <!-- wikipage3 -->
  </suite> <!-- myparametertest -->
</testng-results>
