<?xml version="1.0" encoding="UTF-8"?>
<testng-results ignored="0" total="1" passed="1" failed="0" skipped="0">
  <reporter-output>
  </reporter-output>
  <suite started-at="2021-10-14T12:28:20 IST" name="Default suite" finished-at="2021-10-14T12:28:26 IST" duration-ms="6841">
    <groups>
    </groups>
    <test started-at="2021-10-14T12:28:20 IST" name="Default test" finished-at="2021-10-14T12:28:26 IST" duration-ms="6841">
      <class name="propertydemo.UsePropertyDemo">
        <test-method signature="method1()[pri:0, instance:propertydemo.UsePropertyDemo@31e5415e]" started-at="2021-10-14T12:28:20 IST" name="method1" finished-at="2021-10-14T12:28:26 IST" duration-ms="6803" status="PASS">
          <reporter-output>
          </reporter-output>
        </test-method> <!-- method1 -->
      </class> <!-- propertydemo.UsePropertyDemo -->
    </test> <!-- Default test -->
  </suite> <!-- Default suite -->
</testng-results>
