<?xml version="1.0" encoding="UTF-8"?>
<testng-results ignored="0" total="2" passed="1" failed="1" skipped="0">
  <reporter-output>
  </reporter-output>
  <suite started-at="2021-10-12T12:15:31Z" name="Default suite" finished-at="2021-10-12T12:15:31Z" duration-ms="50">
    <groups>
    </groups>
    <test started-at="2021-10-12T12:15:31Z" name="Default test" finished-at="2021-10-12T12:15:31Z" duration-ms="50">
      <class name="testNGScripts.Annotations2">
        <test-method is-config="true" signature="login()[pri:0, instance:testNGScripts.Annotations2@6ea2bc93]" started-at="2021-10-12T12:15:31Z" name="login" finished-at="2021-10-12T12:15:31Z" duration-ms="8" status="PASS">
          <reporter-output>
          </reporter-output>
        </test-method> <!-- login -->
        <test-method signature="Createemail()[pri:49, instance:testNGScripts.Annotations2@6ea2bc93]" started-at="2021-10-12T12:15:31Z" name="Createemail" finished-at="2021-10-12T12:15:31Z" duration-ms="8" status="FAIL">
          <exception class="java.lang.NullPointerException">
            <full-stacktrace>
              <![CDATA[java.lang.NullPointerException
at testNGScripts.Annotations2.Createemail(Annotations2.java:19)
at java.base/jdk.internal.reflect.NativeMethodAccessorImpl.invoke0(Native Method)
at java.base/jdk.internal.reflect.NativeMethodAccessorImpl.invoke(NativeMethodAccessorImpl.java:62)
at java.base/jdk.internal.reflect.DelegatingMethodAccessorImpl.invoke(DelegatingMethodAccessorImpl.java:43)
at java.base/java.lang.reflect.Method.invoke(Method.java:566)
at org.testng.internal.MethodInvocationHelper.invokeMethod(MethodInvocationHelper.java:124)
at org.testng.internal.Invoker.invokeMethod(Invoker.java:583)
at org.testng.internal.Invoker.invokeTestMethod(Invoker.java:719)
at org.testng.internal.Invoker.invokeTestMethods(Invoker.java:989)
at org.testng.internal.TestMethodWorker.invokeTestMethods(TestMethodWorker.java:125)
at org.testng.internal.TestMethodWorker.run(TestMethodWorker.java:109)
at org.testng.TestRunner.privateRun(TestRunner.java:648)
at org.testng.TestRunner.run(TestRunner.java:505)
at org.testng.SuiteRunner.runTest(SuiteRunner.java:455)
at org.testng.SuiteRunner.runSequentially(SuiteRunner.java:450)
at org.testng.SuiteRunner.privateRun(SuiteRunner.java:415)
at org.testng.SuiteRunner.run(SuiteRunner.java:364)
at org.testng.SuiteRunnerWorker.runSuite(SuiteRunnerWorker.java:52)
at org.testng.SuiteRunnerWorker.run(SuiteRunnerWorker.java:84)
at org.testng.TestNG.runSuitesSequentially(TestNG.java:1208)
at org.testng.TestNG.runSuitesLocally(TestNG.java:1137)
at org.testng.TestNG.runSuites(TestNG.java:1049)
at org.testng.TestNG.run(TestNG.java:1017)
at org.testng.remote.AbstractRemoteTestNG.run(AbstractRemoteTestNG.java:115)
at org.testng.remote.RemoteTestNG.initAndRun(RemoteTestNG.java:251)
at org.testng.remote.RemoteTestNG.main(RemoteTestNG.java:77)
]]>
            </full-stacktrace>
          </exception> <!-- java.lang.NullPointerException -->
          <reporter-output>
          </reporter-output>
        </test-method> <!-- Createemail -->
        <test-method is-config="true" signature="logout()[pri:0, instance:testNGScripts.Annotations2@6ea2bc93]" started-at="2021-10-12T12:15:31Z" name="logout" finished-at="2021-10-12T12:15:31Z" duration-ms="0" status="PASS">
          <reporter-output>
          </reporter-output>
        </test-method> <!-- logout -->
        <test-method is-config="true" signature="login()[pri:0, instance:testNGScripts.Annotations2@6ea2bc93]" started-at="2021-10-12T12:15:31Z" name="login" finished-at="2021-10-12T12:15:31Z" duration-ms="0" status="PASS">
          <reporter-output>
          </reporter-output>
        </test-method> <!-- login -->
        <test-method signature="Modifyemail()[pri:50, instance:testNGScripts.Annotations2@6ea2bc93]" started-at="2021-10-12T12:15:31Z" name="Modifyemail" finished-at="2021-10-12T12:15:31Z" duration-ms="1" status="PASS">
          <reporter-output>
          </reporter-output>
        </test-method> <!-- Modifyemail -->
        <test-method is-config="true" signature="logout()[pri:0, instance:testNGScripts.Annotations2@6ea2bc93]" started-at="2021-10-12T12:15:31Z" name="logout" finished-at="2021-10-12T12:15:31Z" duration-ms="0" status="PASS">
          <reporter-output>
          </reporter-output>
        </test-method> <!-- logout -->
      </class> <!-- testNGScripts.Annotations2 -->
    </test> <!-- Default test -->
  </suite> <!-- Default suite -->
</testng-results>
