<?xml version="1.0" encoding="UTF-8"?>
<!-- Generated by org.testng.reporters.JUnitXMLReporter -->
<testsuite ignored="0" hostname="LAPTOP-DOBLN3AU" failures="0" tests="3" name="wikipage2" time="9.353" errors="0" timestamp="21 Oct 2021 11:34:16 GMT">
  <testcase classname="testNGScripts.ParameterXML" name="EnterInputTest" time="4.547"/>
  <testcase classname="testNGScripts.ParameterXML" name="SearchPageTest" time="0.705"/>
  <testcase classname="testNGScripts.ParameterXML" name="MainPageTest" time="0.866"/>
</testsuite> <!-- wikipage2 -->
