<?xml version="1.0" encoding="UTF-8"?>
<!-- Generated by org.testng.reporters.JUnitXMLReporter -->
<testsuite ignored="0" hostname="LAPTOP-DOBLN3AU" failures="0" tests="3" name="wikipage1" time="10.386" errors="0" timestamp="21 Oct 2021 11:34:07 GMT">
  <testcase classname="testNGScripts.ParameterXML" name="EnterInputTest" time="4.609"/>
  <testcase classname="testNGScripts.ParameterXML" name="SearchPageTest" time="0.896"/>
  <testcase classname="testNGScripts.ParameterXML" name="MainPageTest" time="0.912"/>
</testsuite> <!-- wikipage1 -->
